2019-12-09 17:15:56,325 manager INFO 1.1.0
2019-12-09 17:15:56,325 manager INFO Copyright (C) 2003-2010
2019-12-09 17:15:56,325 manager INFO   Noriaki Ando
2019-12-09 17:15:56,326 manager INFO   Intelligent Systems Research Institute, AIST
2019-12-09 17:15:56,326 manager INFO Manager starting.
2019-12-09 17:15:56,326 manager INFO Starting local logging.
2019-12-09 17:15:56,339 manager.namingmanager INFO NameServer connection succeeded: corba/localhost
2019-12-09 17:15:58,359 ManagerServant INFO Master manager not found
2019-12-09 17:15:58,361 manager WARNING Traceback (most recent call last):
  File "C:\Python27\lib\site-packages\OpenRTM_aist\Manager.py", line 1900, in initManagerServant
    reffile = file(self._config.getProperty("manager.refstring_path"),'w')
IOError: [Errno 2] No such file or directory: '/var/log/rtcmanager.ref'

2019-12-09 17:15:58,361 LocalServiceAdmin INFO All the local services are enabled.
2019-12-09 17:15:58,371 ec_base INFO setRate(1000000.000000) done
2019-12-09 17:15:58,371 ec_base INFO setRate(1000.000000) done
2019-12-09 17:15:58,372 rtobject INFO 1 execution context was created.
2019-12-09 17:15:58,381 rtobject INFO Initial active configuration set is default.
2019-12-09 17:16:19,084 SdoServiceAdmin WARNING No available SDO service in the factory: 
2019-12-09 17:16:19,084 SdoServiceAdmin ERROR type  already exists.
2019-12-09 17:16:19,085 SdoServiceAdmin WARNING No available SDO service in the factory: IDL:OpenRTM/ComponentObserver:1.0
2019-12-09 17:16:19,085 SdoServiceAdmin ERROR type 4980f37b-7ecf-48e7-a468-ca551277c880 already exists.
2019-12-09 17:21:56,884 judge WARNING Traceback (most recent call last):
  File "C:\Python27\lib\site-packages\OpenRTM_aist\PortBase.py", line 2262, in checkPorts
    if port._non_existent():
  File "C:\Python27\lib\site-packages\omniORB\CORBA.py", line 556, in _non_existent
    return self._obj.nonExistent()
TRANSIENT: CORBA.TRANSIENT(omniORB.TRANSIENT_ConnectFailed, CORBA.COMPLETED_NO)

2019-12-09 17:21:56,884 judge WARNING Dead connection: 2ff15540-1a5c-11ea-9e28-40f02f22cc81
2019-12-09 17:21:57,915 judge WARNING Traceback (most recent call last):
  File "C:\Python27\lib\site-packages\OpenRTM_aist\PortBase.py", line 836, in disconnect
    return p.notify_disconnect(connector_id)
  File "C:\Python27\lib\site-packages\OpenRTM_aist\RTM_IDL\RTC_idl.py", line 1207, in notify_disconnect
    return self._obj.invoke("notify_disconnect", _0_RTC.PortService._d_notify_disconnect, args)
TRANSIENT: CORBA.TRANSIENT(omniORB.TRANSIENT_ConnectFailed, CORBA.COMPLETED_NO)

2019-12-09 17:21:58,931 balance WARNING Traceback (most recent call last):
  File "C:\Python27\lib\site-packages\OpenRTM_aist\PortBase.py", line 2262, in checkPorts
    if port._non_existent():
  File "C:\Python27\lib\site-packages\omniORB\CORBA.py", line 556, in _non_existent
    return self._obj.nonExistent()
TRANSIENT: CORBA.TRANSIENT(omniORB.TRANSIENT_ConnectFailed, CORBA.COMPLETED_NO)

2019-12-09 17:21:58,931 balance WARNING Dead connection: 31f5629e-1a5c-11ea-942a-40f02f22cc81
2019-12-09 17:21:59,963 balance WARNING Traceback (most recent call last):
  File "C:\Python27\lib\site-packages\OpenRTM_aist\PortBase.py", line 836, in disconnect
    return p.notify_disconnect(connector_id)
  File "C:\Python27\lib\site-packages\OpenRTM_aist\RTM_IDL\RTC_idl.py", line 1207, in notify_disconnect
    return self._obj.invoke("notify_disconnect", _0_RTC.PortService._d_notify_disconnect, args)
TRANSIENT: CORBA.TRANSIENT(omniORB.TRANSIENT_ConnectFailed, CORBA.COMPLETED_NO)

2019-12-09 17:24:42,967 ec_worker ERROR State of the RTC is not INACTIVE_STATE.
2019-12-09 17:24:54,316 count WARNING Traceback (most recent call last):
  File "C:\Python27\lib\site-packages\OpenRTM_aist\PortBase.py", line 2262, in checkPorts
    if port._non_existent():
  File "C:\Python27\lib\site-packages\omniORB\CORBA.py", line 556, in _non_existent
    return self._obj.nonExistent()
TRANSIENT: CORBA.TRANSIENT(omniORB.TRANSIENT_ConnectFailed, CORBA.COMPLETED_NO)

2019-12-09 17:24:54,316 count WARNING Dead connection: 3b7bbd5e-1a5c-11ea-9932-40f02f22cc81
2019-12-09 17:24:55,332 count WARNING Traceback (most recent call last):
  File "C:\Python27\lib\site-packages\OpenRTM_aist\PortBase.py", line 836, in disconnect
    return p.notify_disconnect(connector_id)
  File "C:\Python27\lib\site-packages\OpenRTM_aist\RTM_IDL\RTC_idl.py", line 1207, in notify_disconnect
    return self._obj.invoke("notify_disconnect", _0_RTC.PortService._d_notify_disconnect, args)
TRANSIENT: CORBA.TRANSIENT(omniORB.TRANSIENT_ConnectFailed, CORBA.COMPLETED_NO)

2019-12-09 17:27:55,617 ec_worker ERROR State of the RTC is not ACTIVE_STATE.
2019-12-09 17:29:15,405 judge WARNING Traceback (most recent call last):
  File "C:\Python27\lib\site-packages\OpenRTM_aist\PortBase.py", line 2262, in checkPorts
    if port._non_existent():
  File "C:\Python27\lib\site-packages\omniORB\CORBA.py", line 556, in _non_existent
    return self._obj.nonExistent()
TRANSIENT: CORBA.TRANSIENT(omniORB.TRANSIENT_ConnectFailed, CORBA.COMPLETED_NO)

2019-12-09 17:29:15,405 judge WARNING Dead connection: 4da96811-1a5d-11ea-96b2-40f02f22cc81
2019-12-09 17:29:16,421 judge WARNING Traceback (most recent call last):
  File "C:\Python27\lib\site-packages\OpenRTM_aist\PortBase.py", line 836, in disconnect
    return p.notify_disconnect(connector_id)
  File "C:\Python27\lib\site-packages\OpenRTM_aist\RTM_IDL\RTC_idl.py", line 1207, in notify_disconnect
    return self._obj.invoke("notify_disconnect", _0_RTC.PortService._d_notify_disconnect, args)
TRANSIENT: CORBA.TRANSIENT(omniORB.TRANSIENT_ConnectFailed, CORBA.COMPLETED_NO)

2019-12-09 17:29:17,427 balance WARNING Traceback (most recent call last):
  File "C:\Python27\lib\site-packages\OpenRTM_aist\PortBase.py", line 2262, in checkPorts
    if port._non_existent():
  File "C:\Python27\lib\site-packages\omniORB\CORBA.py", line 556, in _non_existent
    return self._obj.nonExistent()
TRANSIENT: CORBA.TRANSIENT(omniORB.TRANSIENT_ConnectFailed, CORBA.COMPLETED_NO)

2019-12-09 17:29:17,427 balance WARNING Dead connection: 5595c1e1-1a5d-11ea-b6f5-40f02f22cc81
2019-12-09 17:29:18,474 balance WARNING Traceback (most recent call last):
  File "C:\Python27\lib\site-packages\OpenRTM_aist\PortBase.py", line 836, in disconnect
    return p.notify_disconnect(connector_id)
  File "C:\Python27\lib\site-packages\OpenRTM_aist\RTM_IDL\RTC_idl.py", line 1207, in notify_disconnect
    return self._obj.invoke("notify_disconnect", _0_RTC.PortService._d_notify_disconnect, args)
TRANSIENT: CORBA.TRANSIENT(omniORB.TRANSIENT_ConnectFailed, CORBA.COMPLETED_NO)

