2019-12-02 13:12:16,178 manager INFO 1.1.0
2019-12-02 13:12:16,178 manager INFO Copyright (C) 2003-2010
2019-12-02 13:12:16,178 manager INFO   Noriaki Ando
2019-12-02 13:12:16,178 manager INFO   Intelligent Systems Research Institute, AIST
2019-12-02 13:12:16,178 manager INFO Manager starting.
2019-12-02 13:12:16,180 manager INFO Starting local logging.
2019-12-02 13:12:16,184 manager.namingmanager INFO NameServer connection succeeded: corba/localhost
2019-12-02 13:12:18,288 ManagerServant INFO Master manager not found
2019-12-02 13:12:18,311 manager WARNING Traceback (most recent call last):
  File "C:\Python27\lib\site-packages\OpenRTM_aist\Manager.py", line 1900, in initManagerServant
    reffile = file(self._config.getProperty("manager.refstring_path"),'w')
IOError: [Errno 2] No such file or directory: '/var/log/rtcmanager.ref'

2019-12-02 13:12:18,312 LocalServiceAdmin INFO All the local services are enabled.
2019-12-02 13:12:18,325 ec_base INFO setRate(1000000.000000) done
2019-12-02 13:12:18,326 ec_base INFO setRate(1000.000000) done
2019-12-02 13:12:18,328 rtobject INFO 1 execution context was created.
2019-12-02 13:12:18,348 rtobject INFO Initial active configuration set is default.
2019-12-02 13:12:37,467 SdoServiceAdmin WARNING No available SDO service in the factory: 
2019-12-02 13:12:37,467 SdoServiceAdmin ERROR type  already exists.
2019-12-02 13:12:37,470 SdoServiceAdmin WARNING No available SDO service in the factory: IDL:OpenRTM/ComponentObserver:1.0
2019-12-02 13:12:37,471 SdoServiceAdmin ERROR type 4dd28de7-f274-4a0d-92f2-8e4cf1fec1b4 already exists.
