2019-12-09 17:30:37,461 manager INFO 1.1.0
2019-12-09 17:30:37,461 manager INFO Copyright (C) 2003-2010
2019-12-09 17:30:37,461 manager INFO   Noriaki Ando
2019-12-09 17:30:37,461 manager INFO   Intelligent Systems Research Institute, AIST
2019-12-09 17:30:37,461 manager INFO Manager starting.
2019-12-09 17:30:37,461 manager INFO Starting local logging.
2019-12-09 17:30:37,477 manager.namingmanager INFO NameServer connection succeeded: corba/localhost
2019-12-09 17:30:39,539 ManagerServant INFO Master manager not found
2019-12-09 17:30:39,539 manager WARNING Traceback (most recent call last):
  File "C:\Python27\lib\site-packages\OpenRTM_aist\Manager.py", line 1900, in initManagerServant
    reffile = file(self._config.getProperty("manager.refstring_path"),'w')
IOError: [Errno 2] No such file or directory: '/var/log/rtcmanager.ref'

2019-12-09 17:30:39,539 LocalServiceAdmin INFO All the local services are enabled.
2019-12-09 17:30:39,555 ec_base INFO setRate(1000000.000000) done
2019-12-09 17:30:39,555 ec_base INFO setRate(1000.000000) done
2019-12-09 17:30:39,555 rtobject INFO 1 execution context was created.
2019-12-09 17:30:39,571 rtobject INFO Initial active configuration set is default.
2019-12-09 17:30:54,901 SdoServiceAdmin WARNING No available SDO service in the factory: 
2019-12-09 17:30:54,901 SdoServiceAdmin ERROR type  already exists.
2019-12-09 17:30:54,903 SdoServiceAdmin WARNING No available SDO service in the factory: IDL:OpenRTM/ComponentObserver:1.0
2019-12-09 17:30:54,903 SdoServiceAdmin ERROR type f359a350-4b3a-4f9c-bb06-04ac7feb7d1e already exists.
2019-12-09 17:33:08,714 ec_base ERROR The component is not responding.
2019-12-09 17:33:08,714 ec_base ERROR Unknown error: Invalid state transition.
2019-12-09 17:37:08,325 count WARNING Traceback (most recent call last):
  File "C:\Python27\lib\site-packages\OpenRTM_aist\PortBase.py", line 2262, in checkPorts
    if port._non_existent():
  File "C:\Python27\lib\site-packages\omniORB\CORBA.py", line 556, in _non_existent
    return self._obj.nonExistent()
TRANSIENT: CORBA.TRANSIENT(omniORB.TRANSIENT_ConnectFailed, CORBA.COMPLETED_NO)

2019-12-09 17:37:08,325 count WARNING Dead connection: 41cccbcf-1a5e-11ea-acd1-40f02f22cc81
2019-12-09 17:37:09,357 count WARNING Traceback (most recent call last):
  File "C:\Python27\lib\site-packages\OpenRTM_aist\PortBase.py", line 836, in disconnect
    return p.notify_disconnect(connector_id)
  File "C:\Python27\lib\site-packages\OpenRTM_aist\RTM_IDL\RTC_idl.py", line 1207, in notify_disconnect
    return self._obj.invoke("notify_disconnect", _0_RTC.PortService._d_notify_disconnect, args)
TRANSIENT: CORBA.TRANSIENT(omniORB.TRANSIENT_ConnectFailed, CORBA.COMPLETED_NO)

