2019-12-09 16:51:39,128 manager INFO 1.1.0
2019-12-09 16:51:39,128 manager INFO Copyright (C) 2003-2010
2019-12-09 16:51:39,128 manager INFO   Noriaki Ando
2019-12-09 16:51:39,128 manager INFO   Intelligent Systems Research Institute, AIST
2019-12-09 16:51:39,128 manager INFO Manager starting.
2019-12-09 16:51:39,128 manager INFO Starting local logging.
2019-12-09 16:51:39,144 manager.namingmanager INFO NameServer connection succeeded: corba/localhost
2019-12-09 16:51:41,174 ManagerServant INFO Master manager not found
2019-12-09 16:51:41,174 manager WARNING Traceback (most recent call last):
  File "C:\Python27\lib\site-packages\OpenRTM_aist\Manager.py", line 1900, in initManagerServant
    reffile = file(self._config.getProperty("manager.refstring_path"),'w')
IOError: [Errno 2] No such file or directory: '/var/log/rtcmanager.ref'

2019-12-09 16:51:41,177 LocalServiceAdmin INFO All the local services are enabled.
2019-12-09 16:51:41,186 ec_base INFO setRate(1000000.000000) done
2019-12-09 16:51:41,186 ec_base INFO setRate(1000.000000) done
2019-12-09 16:51:41,187 rtobject INFO 1 execution context was created.
2019-12-09 16:51:41,194 rtobject INFO Initial active configuration set is default.
2019-12-09 16:51:44,390 SdoServiceAdmin WARNING No available SDO service in the factory: 
2019-12-09 16:51:44,390 SdoServiceAdmin ERROR type  already exists.
2019-12-09 16:51:44,391 SdoServiceAdmin WARNING No available SDO service in the factory: IDL:OpenRTM/ComponentObserver:1.0
2019-12-09 16:51:44,391 SdoServiceAdmin ERROR type abe69921-df29-4d89-9e35-c2d70be0ee74 already exists.
2019-12-09 16:55:02,048 count WARNING Traceback (most recent call last):
  File "C:\Python27\lib\site-packages\OpenRTM_aist\PortBase.py", line 2262, in checkPorts
    if port._non_existent():
  File "C:\Python27\lib\site-packages\omniORB\CORBA.py", line 556, in _non_existent
    return self._obj.nonExistent()
COMM_FAILURE: CORBA.COMM_FAILURE(omniORB.COMM_FAILURE_WaitingForReply, CORBA.COMPLETED_MAYBE)

2019-12-09 16:55:02,048 count WARNING Dead connection: fa43e81e-1a58-11ea-b2b9-40f02f22cc81
2019-12-09 16:55:03,052 count WARNING Traceback (most recent call last):
  File "C:\Python27\lib\site-packages\OpenRTM_aist\PortBase.py", line 836, in disconnect
    return p.notify_disconnect(connector_id)
  File "C:\Python27\lib\site-packages\OpenRTM_aist\RTM_IDL\RTC_idl.py", line 1207, in notify_disconnect
    return self._obj.invoke("notify_disconnect", _0_RTC.PortService._d_notify_disconnect, args)
TRANSIENT: CORBA.TRANSIENT(omniORB.TRANSIENT_ConnectFailed, CORBA.COMPLETED_NO)

2019-12-09 16:58:47,427 judge WARNING Traceback (most recent call last):
  File "C:\Python27\lib\site-packages\OpenRTM_aist\PortBase.py", line 2262, in checkPorts
    if port._non_existent():
  File "C:\Python27\lib\site-packages\omniORB\CORBA.py", line 556, in _non_existent
    return self._obj.nonExistent()
TRANSIENT: CORBA.TRANSIENT(omniORB.TRANSIENT_ConnectFailed, CORBA.COMPLETED_NO)

2019-12-09 16:58:47,427 judge WARNING Dead connection: f251c1f0-1a58-11ea-8d31-40f02f22cc81
2019-12-09 16:58:48,459 judge WARNING Traceback (most recent call last):
  File "C:\Python27\lib\site-packages\OpenRTM_aist\PortBase.py", line 836, in disconnect
    return p.notify_disconnect(connector_id)
  File "C:\Python27\lib\site-packages\OpenRTM_aist\RTM_IDL\RTC_idl.py", line 1207, in notify_disconnect
    return self._obj.invoke("notify_disconnect", _0_RTC.PortService._d_notify_disconnect, args)
TRANSIENT: CORBA.TRANSIENT(omniORB.TRANSIENT_ConnectFailed, CORBA.COMPLETED_NO)

2019-12-09 16:58:49,490 balance WARNING Traceback (most recent call last):
  File "C:\Python27\lib\site-packages\OpenRTM_aist\PortBase.py", line 2262, in checkPorts
    if port._non_existent():
  File "C:\Python27\lib\site-packages\omniORB\CORBA.py", line 556, in _non_existent
    return self._obj.nonExistent()
TRANSIENT: CORBA.TRANSIENT(omniORB.TRANSIENT_ConnectFailed, CORBA.COMPLETED_NO)

2019-12-09 16:58:49,490 balance WARNING Dead connection: fc8e4d4f-1a58-11ea-a601-40f02f22cc81
2019-12-09 16:58:50,522 balance WARNING Traceback (most recent call last):
  File "C:\Python27\lib\site-packages\OpenRTM_aist\PortBase.py", line 836, in disconnect
    return p.notify_disconnect(connector_id)
  File "C:\Python27\lib\site-packages\OpenRTM_aist\RTM_IDL\RTC_idl.py", line 1207, in notify_disconnect
    return self._obj.invoke("notify_disconnect", _0_RTC.PortService._d_notify_disconnect, args)
TRANSIENT: CORBA.TRANSIENT(omniORB.TRANSIENT_ConnectFailed, CORBA.COMPLETED_NO)

2019-12-09 17:00:35,963 judge WARNING Traceback (most recent call last):
  File "C:\Python27\lib\site-packages\OpenRTM_aist\PortBase.py", line 2262, in checkPorts
    if port._non_existent():
  File "C:\Python27\lib\site-packages\omniORB\CORBA.py", line 556, in _non_existent
    return self._obj.nonExistent()
TRANSIENT: CORBA.TRANSIENT(omniORB.TRANSIENT_ConnectFailed, CORBA.COMPLETED_NO)

2019-12-09 17:00:35,963 judge WARNING Dead connection: d9cfd7b0-1a59-11ea-bfea-40f02f22cc81
2019-12-09 17:00:36,979 judge WARNING Traceback (most recent call last):
  File "C:\Python27\lib\site-packages\OpenRTM_aist\PortBase.py", line 836, in disconnect
    return p.notify_disconnect(connector_id)
  File "C:\Python27\lib\site-packages\OpenRTM_aist\RTM_IDL\RTC_idl.py", line 1207, in notify_disconnect
    return self._obj.invoke("notify_disconnect", _0_RTC.PortService._d_notify_disconnect, args)
TRANSIENT: CORBA.TRANSIENT(omniORB.TRANSIENT_ConnectFailed, CORBA.COMPLETED_NO)

2019-12-09 17:00:37,994 balance WARNING Traceback (most recent call last):
  File "C:\Python27\lib\site-packages\OpenRTM_aist\PortBase.py", line 2262, in checkPorts
    if port._non_existent():
  File "C:\Python27\lib\site-packages\omniORB\CORBA.py", line 556, in _non_existent
    return self._obj.nonExistent()
TRANSIENT: CORBA.TRANSIENT(omniORB.TRANSIENT_ConnectFailed, CORBA.COMPLETED_NO)

2019-12-09 17:00:37,994 balance WARNING Dead connection: dbc4f0ee-1a59-11ea-a3c8-40f02f22cc81
2019-12-09 17:00:39,010 balance WARNING Traceback (most recent call last):
  File "C:\Python27\lib\site-packages\OpenRTM_aist\PortBase.py", line 836, in disconnect
    return p.notify_disconnect(connector_id)
  File "C:\Python27\lib\site-packages\OpenRTM_aist\RTM_IDL\RTC_idl.py", line 1207, in notify_disconnect
    return self._obj.invoke("notify_disconnect", _0_RTC.PortService._d_notify_disconnect, args)
TRANSIENT: CORBA.TRANSIENT(omniORB.TRANSIENT_ConnectFailed, CORBA.COMPLETED_NO)

2019-12-09 17:00:47,042 count WARNING Traceback (most recent call last):
  File "C:\Python27\lib\site-packages\OpenRTM_aist\PortBase.py", line 2262, in checkPorts
    if port._non_existent():
  File "C:\Python27\lib\site-packages\omniORB\CORBA.py", line 556, in _non_existent
    return self._obj.nonExistent()
TRANSIENT: CORBA.TRANSIENT(omniORB.TRANSIENT_ConnectFailed, CORBA.COMPLETED_NO)

2019-12-09 17:00:47,042 count WARNING Dead connection: d6f31d8f-1a59-11ea-9e0f-40f02f22cc81
2019-12-09 17:00:48,042 count WARNING Traceback (most recent call last):
  File "C:\Python27\lib\site-packages\OpenRTM_aist\PortBase.py", line 836, in disconnect
    return p.notify_disconnect(connector_id)
  File "C:\Python27\lib\site-packages\OpenRTM_aist\RTM_IDL\RTC_idl.py", line 1207, in notify_disconnect
    return self._obj.invoke("notify_disconnect", _0_RTC.PortService._d_notify_disconnect, args)
TRANSIENT: CORBA.TRANSIENT(omniORB.TRANSIENT_ConnectFailed, CORBA.COMPLETED_NO)

