2019-12-09 16:08:58,463 manager INFO 1.1.0
2019-12-09 16:08:58,464 manager INFO Copyright (C) 2003-2010
2019-12-09 16:08:58,464 manager INFO   Noriaki Ando
2019-12-09 16:08:58,464 manager INFO   Intelligent Systems Research Institute, AIST
2019-12-09 16:08:58,464 manager INFO Manager starting.
2019-12-09 16:08:58,464 manager INFO Starting local logging.
2019-12-09 16:08:58,470 manager.namingmanager INFO NameServer connection succeeded: corba/localhost
2019-12-09 16:09:00,496 ManagerServant INFO Master manager not found
2019-12-09 16:09:00,496 manager WARNING Traceback (most recent call last):
  File "C:\Python27\lib\site-packages\OpenRTM_aist\Manager.py", line 1900, in initManagerServant
    reffile = file(self._config.getProperty("manager.refstring_path"),'w')
IOError: [Errno 2] No such file or directory: '/var/log/rtcmanager.ref'

2019-12-09 16:09:00,513 LocalServiceAdmin INFO All the local services are enabled.
2019-12-09 16:09:00,513 ec_base INFO setRate(1000000.000000) done
2019-12-09 16:09:00,513 ec_base INFO setRate(1000.000000) done
2019-12-09 16:09:00,529 rtobject INFO 1 execution context was created.
2019-12-09 16:09:00,529 rtobject INFO Initial active configuration set is default-set.
2019-12-09 16:09:04,115 SdoServiceAdmin WARNING No available SDO service in the factory: 
2019-12-09 16:09:04,115 SdoServiceAdmin ERROR type  already exists.
2019-12-09 16:09:04,117 SdoServiceAdmin WARNING No available SDO service in the factory: IDL:OpenRTM/ComponentObserver:1.0
2019-12-09 16:09:04,117 SdoServiceAdmin ERROR type be58f7ec-c85c-4ade-bdc5-11a041575fd7 already exists.
2019-12-09 16:09:13,065 rtobject ERROR Traceback (most recent call last):
  File "C:\Python27\lib\site-packages\OpenRTM_aist\RTObject.py", line 1560, in on_execute
    ret = self.onExecute(ec_id)
  File "C:\workspacess\CsvWrite\CsvWrite.py", line 214, in onExecute
    FSR_dic.setdefault(("FSR" + str(i)), float(data[i-1]))
ValueError: could not convert string to float: [0.78531813621521

2019-12-09 16:09:17,421 ec_worker ERROR State of the RTC is not ACTIVE_STATE.
