2019-12-09 16:11:40,650 manager INFO 1.1.0
2019-12-09 16:11:40,651 manager INFO Copyright (C) 2003-2010
2019-12-09 16:11:40,651 manager INFO   Noriaki Ando
2019-12-09 16:11:40,651 manager INFO   Intelligent Systems Research Institute, AIST
2019-12-09 16:11:40,651 manager INFO Manager starting.
2019-12-09 16:11:40,651 manager INFO Starting local logging.
2019-12-09 16:11:40,657 manager.namingmanager INFO NameServer connection succeeded: corba/localhost
2019-12-09 16:11:42,665 ManagerServant INFO Master manager not found
2019-12-09 16:11:42,667 manager WARNING Traceback (most recent call last):
  File "C:\Python27\lib\site-packages\OpenRTM_aist\Manager.py", line 1900, in initManagerServant
    reffile = file(self._config.getProperty("manager.refstring_path"),'w')
IOError: [Errno 2] No such file or directory: '/var/log/rtcmanager.ref'

2019-12-09 16:11:42,670 LocalServiceAdmin INFO All the local services are enabled.
2019-12-09 16:11:42,677 ec_base INFO setRate(1000000.000000) done
2019-12-09 16:11:42,677 ec_base INFO setRate(1000.000000) done
2019-12-09 16:11:42,677 rtobject INFO 1 execution context was created.
2019-12-09 16:11:42,680 rtobject INFO Initial active configuration set is default-set.
2019-12-09 16:11:47,273 SdoServiceAdmin WARNING No available SDO service in the factory: 
2019-12-09 16:11:47,273 SdoServiceAdmin ERROR type  already exists.
2019-12-09 16:11:47,273 SdoServiceAdmin WARNING No available SDO service in the factory: IDL:OpenRTM/ComponentObserver:1.0
2019-12-09 16:11:47,273 SdoServiceAdmin ERROR type c4e813c9-3e83-4a59-a7a8-673c44cf3f79 already exists.
2019-12-09 16:11:53,259 sensor WARNING buffer empty
2019-12-09 16:11:53,260 sensor WARNING buffer empty
2019-12-09 16:11:53,262 sensor WARNING buffer empty
2019-12-09 16:11:53,265 sensor WARNING buffer empty
2019-12-09 16:11:53,266 sensor WARNING buffer empty
2019-12-09 16:11:53,266 sensor WARNING buffer empty
2019-12-09 16:11:53,267 sensor WARNING buffer empty
2019-12-09 16:11:53,269 sensor WARNING buffer empty
2019-12-09 16:11:53,269 sensor WARNING buffer empty
2019-12-09 16:11:53,270 sensor WARNING buffer empty
2019-12-09 16:11:53,272 sensor WARNING buffer empty
2019-12-09 16:11:53,273 sensor WARNING buffer empty
2019-12-09 16:11:53,275 sensor WARNING buffer empty
2019-12-09 16:11:53,276 sensor WARNING buffer empty
2019-12-09 16:11:53,276 sensor WARNING buffer empty
2019-12-09 16:11:53,279 sensor WARNING buffer empty
2019-12-09 16:11:53,280 sensor WARNING buffer empty
2019-12-09 16:11:53,282 sensor WARNING buffer empty
2019-12-09 16:11:53,282 sensor WARNING buffer empty
2019-12-09 16:11:53,283 sensor WARNING buffer empty
2019-12-09 16:11:53,285 sensor WARNING buffer empty
2019-12-09 16:11:53,286 sensor WARNING buffer empty
2019-12-09 16:11:53,289 sensor WARNING buffer empty
2019-12-09 16:11:53,292 sensor WARNING buffer empty
2019-12-09 16:11:53,298 rtobject ERROR Traceback (most recent call last):
  File "C:\Python27\lib\site-packages\OpenRTM_aist\RTObject.py", line 1560, in on_execute
    ret = self.onExecute(ec_id)
  File "C:\workspacess\CsvWrite\CsvWrite.py", line 253, in onExecute
    writer.writerow([self._t,FSR_dic["FSR1" ], FSR_dic["FSR2" ], FSR_dic["FSR3" ], FSR_dic["FSR4" ], FSR_dic["FSR5" ], FSR_dic["FSR6" ], FSR_dic["FSR7" ], FSR_dic["FSR8" ], FSR_dic["FSR9" ], FSR_dic["FSR10" ], FSR_dic["FSR11" ], FSR_dic["FSR12" ], FSR_dic["FSR13" ], FSR_dic["FSR14" ], FSR_dic["FSR15" ], FSR_dic["FSR16" ]])
KeyError: 'FSR15'

2019-12-09 16:11:56,470 ec_worker ERROR State of the RTC is not ACTIVE_STATE.
