2019-12-02 13:12:16,201 manager INFO 1.1.0
2019-12-02 13:12:16,201 manager INFO Copyright (C) 2003-2010
2019-12-02 13:12:16,203 manager INFO   Noriaki Ando
2019-12-02 13:12:16,203 manager INFO   Intelligent Systems Research Institute, AIST
2019-12-02 13:12:16,203 manager INFO Manager starting.
2019-12-02 13:12:16,203 manager INFO Starting local logging.
2019-12-02 13:12:16,210 manager.namingmanager INFO NameServer connection succeeded: corba/localhost
2019-12-02 13:12:18,285 ManagerServant INFO Master manager not found
2019-12-02 13:12:18,309 manager WARNING Traceback (most recent call last):
  File "C:\Python27\lib\site-packages\OpenRTM_aist\Manager.py", line 1900, in initManagerServant
    reffile = file(self._config.getProperty("manager.refstring_path"),'w')
IOError: [Errno 2] No such file or directory: '/var/log/rtcmanager.ref'

2019-12-02 13:12:18,318 LocalServiceAdmin INFO All the local services are enabled.
2019-12-02 13:12:18,331 ec_base INFO setRate(1000000.000000) done
2019-12-02 13:12:18,332 ec_base INFO setRate(1000.000000) done
2019-12-02 13:12:18,332 rtobject INFO 1 execution context was created.
2019-12-02 13:12:18,339 rtobject INFO Initial active configuration set is default-set.
2019-12-02 13:12:28,069 rtobject ERROR Traceback (most recent call last):
  File "C:\Python27\lib\site-packages\OpenRTM_aist\RTObject.py", line 1560, in on_execute
    ret = self.onExecute(ec_id)
  File "C:\workspaces\CsvWrite\CsvWrite.py", line 214, in onExecute
    FSR_dic.setdefault(("FSR" + str(i)), float(data[i-1]))
ValueError: could not convert string to float: None

2019-12-02 13:12:54,358 SdoServiceAdmin WARNING No available SDO service in the factory: 
2019-12-02 13:12:54,359 SdoServiceAdmin ERROR type  already exists.
2019-12-02 13:12:54,362 SdoServiceAdmin WARNING No available SDO service in the factory: IDL:OpenRTM/ComponentObserver:1.0
2019-12-02 13:12:54,362 SdoServiceAdmin ERROR type e8b42673-0549-477f-a91f-27bf5412eb0e already exists.
2019-12-02 13:14:23,434 ec_worker ERROR State of the RTC is not ACTIVE_STATE.
