2019-12-09 12:26:10,063 manager INFO 1.1.0
2019-12-09 12:26:10,063 manager INFO Copyright (C) 2003-2010
2019-12-09 12:26:10,063 manager INFO   Noriaki Ando
2019-12-09 12:26:10,063 manager INFO   Intelligent Systems Research Institute, AIST
2019-12-09 12:26:10,065 manager INFO Manager starting.
2019-12-09 12:26:10,065 manager INFO Starting local logging.
2019-12-09 12:26:10,069 manager.namingmanager INFO NameServer connection succeeded: corba/localhost
2019-12-09 12:26:12,112 ManagerServant INFO Master manager not found
2019-12-09 12:26:12,115 manager WARNING Traceback (most recent call last):
  File "C:\Python27\lib\site-packages\OpenRTM_aist\Manager.py", line 1900, in initManagerServant
    reffile = file(self._config.getProperty("manager.refstring_path"),'w')
IOError: [Errno 2] No such file or directory: '/var/log/rtcmanager.ref'

2019-12-09 12:26:12,117 LocalServiceAdmin INFO All the local services are enabled.
2019-12-09 12:26:12,164 manager INFO Component type conf file: Judge3.conf loaded.
2019-12-09 12:26:12,171 ec_base INFO setRate(1000000.000000) done
2019-12-09 12:26:12,171 ec_base INFO setRate(1000.000000) done
2019-12-09 12:26:12,173 rtobject INFO 1 execution context was created.
2019-12-09 12:26:12,187 rtobject INFO Initial active configuration set is default.
2019-12-09 12:26:33,092 SdoServiceAdmin WARNING No available SDO service in the factory: 
2019-12-09 12:26:33,092 SdoServiceAdmin ERROR type  already exists.
2019-12-09 12:26:33,092 SdoServiceAdmin WARNING No available SDO service in the factory: IDL:OpenRTM/ComponentObserver:1.0
2019-12-09 12:26:33,092 SdoServiceAdmin ERROR type 79ef6998-b035-40ff-83a7-8868d4ad100a already exists.
