2019-12-09 19:16:26,865 manager INFO 1.1.0
2019-12-09 19:16:26,865 manager INFO Copyright (C) 2003-2010
2019-12-09 19:16:26,865 manager INFO   Noriaki Ando
2019-12-09 19:16:26,865 manager INFO   Intelligent Systems Research Institute, AIST
2019-12-09 19:16:26,865 manager INFO Manager starting.
2019-12-09 19:16:26,865 manager INFO Starting local logging.
2019-12-09 19:16:26,881 manager.namingmanager INFO NameServer connection succeeded: corba/localhost
2019-12-09 19:16:28,900 ManagerServant INFO Master manager not found
2019-12-09 19:16:28,901 manager WARNING Traceback (most recent call last):
  File "C:\Python27\lib\site-packages\OpenRTM_aist\Manager.py", line 1900, in initManagerServant
    reffile = file(self._config.getProperty("manager.refstring_path"),'w')
IOError: [Errno 2] No such file or directory: '/var/log/rtcmanager.ref'

2019-12-09 19:16:28,901 LocalServiceAdmin INFO All the local services are enabled.
2019-12-09 19:16:28,911 manager INFO Component type conf file: Judge3.conf loaded.
2019-12-09 19:16:28,917 ec_base INFO setRate(1000000.000000) done
2019-12-09 19:16:28,917 ec_base INFO setRate(1000.000000) done
2019-12-09 19:16:28,918 rtobject INFO 1 execution context was created.
2019-12-09 19:16:28,930 rtobject INFO Initial active configuration set is default.
2019-12-09 19:20:22,137 SdoServiceAdmin WARNING No available SDO service in the factory: 
2019-12-09 19:20:22,137 SdoServiceAdmin ERROR type  already exists.
2019-12-09 19:20:22,138 SdoServiceAdmin WARNING No available SDO service in the factory: IDL:OpenRTM/ComponentObserver:1.0
2019-12-09 19:20:22,138 SdoServiceAdmin ERROR type 956e9ccf-1983-44ae-9ea2-fccd20783f68 already exists.
