2019-12-07 16:43:08,295 manager INFO 1.1.0
2019-12-07 16:43:08,295 manager INFO Copyright (C) 2003-2010
2019-12-07 16:43:08,295 manager INFO   Noriaki Ando
2019-12-07 16:43:08,295 manager INFO   Intelligent Systems Research Institute, AIST
2019-12-07 16:43:08,295 manager INFO Manager starting.
2019-12-07 16:43:08,295 manager INFO Starting local logging.
2019-12-07 16:43:08,299 manager.namingmanager INFO NameServer connection succeeded: corba/localhost
2019-12-07 16:43:10,312 ManagerServant INFO Master manager not found
2019-12-07 16:43:10,315 manager WARNING Traceback (most recent call last):
  File "C:\Python27\lib\site-packages\OpenRTM_aist\Manager.py", line 1900, in initManagerServant
    reffile = file(self._config.getProperty("manager.refstring_path"),'w')
IOError: [Errno 2] No such file or directory: '/var/log/rtcmanager.ref'

2019-12-07 16:43:10,318 LocalServiceAdmin INFO All the local services are enabled.
2019-12-07 16:43:10,332 manager INFO Component type conf file: Judge3.conf loaded.
2019-12-07 16:43:10,339 ec_base INFO setRate(1000000.000000) done
2019-12-07 16:43:10,341 ec_base INFO setRate(1000.000000) done
2019-12-07 16:43:10,341 rtobject INFO 1 execution context was created.
2019-12-07 16:43:10,348 rtobject INFO Initial active configuration set is default.
2019-12-07 16:43:12,365 SdoServiceAdmin WARNING No available SDO service in the factory: 
2019-12-07 16:43:12,365 SdoServiceAdmin ERROR type  already exists.
2019-12-07 16:43:12,368 SdoServiceAdmin WARNING No available SDO service in the factory: IDL:OpenRTM/ComponentObserver:1.0
2019-12-07 16:43:12,368 SdoServiceAdmin ERROR type f0bd37f0-9e9c-47ea-9cdc-1aecfcae04cf already exists.
