2019-12-09 19:27:12,352 manager INFO 1.1.0
2019-12-09 19:27:12,354 manager INFO Copyright (C) 2003-2010
2019-12-09 19:27:12,354 manager INFO   Noriaki Ando
2019-12-09 19:27:12,354 manager INFO   Intelligent Systems Research Institute, AIST
2019-12-09 19:27:12,354 manager INFO Manager starting.
2019-12-09 19:27:12,354 manager INFO Starting local logging.
2019-12-09 19:27:12,358 manager.namingmanager INFO NameServer connection succeeded: corba/localhost
2019-12-09 19:27:14,380 ManagerServant INFO Master manager not found
2019-12-09 19:27:14,382 manager WARNING Traceback (most recent call last):
  File "C:\Python27\lib\site-packages\OpenRTM_aist\Manager.py", line 1900, in initManagerServant
    reffile = file(self._config.getProperty("manager.refstring_path"),'w')
IOError: [Errno 2] No such file or directory: '/var/log/rtcmanager.ref'

2019-12-09 19:27:14,384 LocalServiceAdmin INFO All the local services are enabled.
2019-12-09 19:27:14,397 manager INFO Component type conf file: Judge3.conf loaded.
2019-12-09 19:27:14,403 ec_base INFO setRate(1000000.000000) done
2019-12-09 19:27:14,403 ec_base INFO setRate(1000.000000) done
2019-12-09 19:27:14,404 rtobject INFO 1 execution context was created.
2019-12-09 19:27:14,411 rtobject INFO Initial active configuration set is default.
2019-12-09 19:27:16,772 SdoServiceAdmin WARNING No available SDO service in the factory: 
2019-12-09 19:27:16,772 SdoServiceAdmin ERROR type  already exists.
2019-12-09 19:27:16,773 SdoServiceAdmin WARNING No available SDO service in the factory: IDL:OpenRTM/ComponentObserver:1.0
2019-12-09 19:27:16,773 SdoServiceAdmin ERROR type d8b94627-9a0b-4091-8da0-9a8ead8f6f1b already exists.
