2019-12-09 17:01:53,811 manager INFO 1.1.0
2019-12-09 17:01:53,812 manager INFO Copyright (C) 2003-2010
2019-12-09 17:01:53,812 manager INFO   Noriaki Ando
2019-12-09 17:01:53,812 manager INFO   Intelligent Systems Research Institute, AIST
2019-12-09 17:01:53,812 manager INFO Manager starting.
2019-12-09 17:01:53,812 manager INFO Starting local logging.
2019-12-09 17:01:53,818 manager.namingmanager INFO NameServer connection succeeded: corba/localhost
2019-12-09 17:01:55,825 ManagerServant INFO Master manager not found
2019-12-09 17:01:55,825 manager WARNING Traceback (most recent call last):
  File "C:\Python27\lib\site-packages\OpenRTM_aist\Manager.py", line 1900, in initManagerServant
    reffile = file(self._config.getProperty("manager.refstring_path"),'w')
IOError: [Errno 2] No such file or directory: '/var/log/rtcmanager.ref'

2019-12-09 17:01:55,825 LocalServiceAdmin INFO All the local services are enabled.
2019-12-09 17:01:55,831 manager INFO Component type conf file: Judge3.conf loaded.
2019-12-09 17:01:55,834 ec_base INFO setRate(1000000.000000) done
2019-12-09 17:01:55,834 ec_base INFO setRate(1000.000000) done
2019-12-09 17:01:55,834 rtobject INFO 1 execution context was created.
2019-12-09 17:01:55,836 rtobject ERROR Traceback (most recent call last):
  File "C:\Python27\lib\site-packages\OpenRTM_aist\RTObject.py", line 1143, in on_initialize
    ret = self.onInitialize()
  File "C:\workspacess\Judge3\Judge3.py", line 130, in onInitialize
    self.bindParameter("addvalue", self._addvalue, "10")
  File "C:\Python27\lib\site-packages\OpenRTM_aist\RTObject.py", line 2605, in bindParameter
    self._configsets.bindParameter(param_name, var, def_val, trans_)
  File "C:\Python27\lib\site-packages\OpenRTM_aist\ConfigAdmin.py", line 476, in bindParameter
    if not trans(var, def_val):
  File "C:\Python27\lib\site-packages\OpenRTM_aist\StringUtil.py", line 559, in stringTo
    if type(_type[0]) == int:
TypeError: 'int' object has no attribute '__getitem__'

2019-12-09 17:01:55,836 rtobject INFO Initial active configuration set is default.
2019-12-09 17:01:55,836 rtobject ERROR on_initialize() failed.
2019-12-09 17:01:55,836 ec_worker ERROR State of the RTC is not ACTIVE_STATE.
2019-12-09 17:01:55,836 ec_worker WARNING ExecutionContext is already stopped.
2019-12-09 17:01:55,836 ec_base ERROR Invoking on_shutdown() for each RTC failed.
2019-12-09 17:01:55,836 ec_worker WARNING ExecutionContext is already stopped.
2019-12-09 17:01:55,838 ec_base ERROR Invoking on_shutdown() for each RTC failed.
