2019-12-09 19:10:21,947 manager INFO 1.1.0
2019-12-09 19:10:21,947 manager INFO Copyright (C) 2003-2010
2019-12-09 19:10:21,947 manager INFO   Noriaki Ando
2019-12-09 19:10:21,947 manager INFO   Intelligent Systems Research Institute, AIST
2019-12-09 19:10:21,947 manager INFO Manager starting.
2019-12-09 19:10:21,947 manager INFO Starting local logging.
2019-12-09 19:10:21,963 manager.namingmanager INFO NameServer connection succeeded: corba/localhost
2019-12-09 19:10:24,010 ManagerServant INFO Master manager not found
2019-12-09 19:10:24,010 manager WARNING Traceback (most recent call last):
  File "C:\Python27\lib\site-packages\OpenRTM_aist\Manager.py", line 1900, in initManagerServant
    reffile = file(self._config.getProperty("manager.refstring_path"),'w')
IOError: [Errno 2] No such file or directory: '/var/log/rtcmanager.ref'

2019-12-09 19:10:24,010 LocalServiceAdmin INFO All the local services are enabled.
2019-12-09 19:10:24,072 manager INFO Component type conf file: Judge3.conf loaded.
2019-12-09 19:10:24,072 ec_base INFO setRate(1000000.000000) done
2019-12-09 19:10:24,072 ec_base INFO setRate(1000.000000) done
2019-12-09 19:10:24,072 rtobject INFO 1 execution context was created.
2019-12-09 19:10:24,088 rtobject INFO Initial active configuration set is default.
2019-12-09 19:10:33,575 SdoServiceAdmin WARNING No available SDO service in the factory: 
2019-12-09 19:10:33,576 SdoServiceAdmin ERROR type  already exists.
2019-12-09 19:10:33,578 SdoServiceAdmin WARNING No available SDO service in the factory: IDL:OpenRTM/ComponentObserver:1.0
2019-12-09 19:10:33,578 SdoServiceAdmin ERROR type c4491f98-343a-4695-a208-883ef118af00 already exists.
2019-12-09 19:10:44,013 ec_worker ERROR State of the RTC is not ACTIVE_STATE.
