2019-12-09 10:36:56,868 manager INFO 1.1.0
2019-12-09 10:36:56,868 manager INFO Copyright (C) 2003-2010
2019-12-09 10:36:56,868 manager INFO   Noriaki Ando
2019-12-09 10:36:56,868 manager INFO   Intelligent Systems Research Institute, AIST
2019-12-09 10:36:56,868 manager INFO Manager starting.
2019-12-09 10:36:56,884 manager INFO Starting local logging.
2019-12-09 10:36:56,934 manager.namingmanager INFO NameServer connection succeeded: corba/localhost
2019-12-09 10:36:59,102 ManagerServant INFO Master manager not found
2019-12-09 10:36:59,118 manager WARNING Traceback (most recent call last):
  File "C:\Python27\lib\site-packages\OpenRTM_aist\Manager.py", line 1900, in initManagerServant
    reffile = file(self._config.getProperty("manager.refstring_path"),'w')
IOError: [Errno 2] No such file or directory: '/var/log/rtcmanager.ref'

2019-12-09 10:36:59,118 LocalServiceAdmin INFO All the local services are enabled.
2019-12-09 10:36:59,165 manager INFO Component type conf file: Judge3.conf loaded.
2019-12-09 10:36:59,181 ec_base INFO setRate(1000000.000000) done
2019-12-09 10:36:59,181 ec_base INFO setRate(1000.000000) done
2019-12-09 10:36:59,181 rtobject INFO 1 execution context was created.
2019-12-09 10:36:59,197 rtobject INFO Initial active configuration set is default.
2019-12-09 10:42:11,904 SdoServiceAdmin WARNING No available SDO service in the factory: 
2019-12-09 10:42:11,904 SdoServiceAdmin ERROR type  already exists.
2019-12-09 10:42:12,059 SdoServiceAdmin WARNING No available SDO service in the factory: IDL:OpenRTM/ComponentObserver:1.0
2019-12-09 10:42:12,059 SdoServiceAdmin ERROR type 449b3e20-43c6-46be-aa42-c1af24f930b8 already exists.
