2019-12-09 10:42:39,321 manager INFO 1.1.0
2019-12-09 10:42:39,321 manager INFO Copyright (C) 2003-2010
2019-12-09 10:42:39,321 manager INFO   Noriaki Ando
2019-12-09 10:42:39,321 manager INFO   Intelligent Systems Research Institute, AIST
2019-12-09 10:42:39,336 manager INFO Manager starting.
2019-12-09 10:42:39,336 manager INFO Starting local logging.
2019-12-09 10:42:39,336 manager.namingmanager INFO NameServer connection succeeded: corba/localhost
2019-12-09 10:42:41,384 ManagerServant INFO Master manager not found
2019-12-09 10:42:41,384 manager WARNING Traceback (most recent call last):
  File "C:\Python27\lib\site-packages\OpenRTM_aist\Manager.py", line 1900, in initManagerServant
    reffile = file(self._config.getProperty("manager.refstring_path"),'w')
IOError: [Errno 2] No such file or directory: '/var/log/rtcmanager.ref'

2019-12-09 10:42:41,681 LocalServiceAdmin INFO All the local services are enabled.
2019-12-09 10:42:41,697 manager INFO Component type conf file: Judge3.conf loaded.
2019-12-09 10:42:41,697 ec_base INFO setRate(1000000.000000) done
2019-12-09 10:42:41,697 ec_base INFO setRate(1000.000000) done
2019-12-09 10:42:41,697 rtobject INFO 1 execution context was created.
2019-12-09 10:42:41,713 rtobject INFO Initial active configuration set is default.
2019-12-09 10:42:43,404 SdoServiceAdmin WARNING No available SDO service in the factory: 
2019-12-09 10:42:43,404 SdoServiceAdmin ERROR type  already exists.
2019-12-09 10:42:43,404 SdoServiceAdmin WARNING No available SDO service in the factory: IDL:OpenRTM/ComponentObserver:1.0
2019-12-09 10:42:43,404 SdoServiceAdmin ERROR type 4d6a3282-5382-48ca-b7f5-a57f202a0b77 already exists.
2019-12-09 10:55:30,145 SdoServiceAdmin WARNING No available SDO service in the factory: 
2019-12-09 10:55:30,145 SdoServiceAdmin ERROR type  already exists.
2019-12-09 10:55:30,145 SdoServiceAdmin WARNING No available SDO service in the factory: IDL:OpenRTM/ComponentObserver:1.0
2019-12-09 10:55:30,145 SdoServiceAdmin ERROR type db376220-1b8b-4967-befb-170b99b2679f already exists.
