2019-12-09 12:28:26,858 manager INFO 1.1.0
2019-12-09 12:28:26,858 manager INFO Copyright (C) 2003-2010
2019-12-09 12:28:26,858 manager INFO   Noriaki Ando
2019-12-09 12:28:26,858 manager INFO   Intelligent Systems Research Institute, AIST
2019-12-09 12:28:26,858 manager INFO Manager starting.
2019-12-09 12:28:26,858 manager INFO Starting local logging.
2019-12-09 12:28:26,874 manager.namingmanager INFO NameServer connection succeeded: corba/localhost
2019-12-09 12:28:28,891 ManagerServant INFO Master manager not found
2019-12-09 12:28:28,894 manager WARNING Traceback (most recent call last):
  File "C:\Python27\lib\site-packages\OpenRTM_aist\Manager.py", line 1900, in initManagerServant
    reffile = file(self._config.getProperty("manager.refstring_path"),'w')
IOError: [Errno 2] No such file or directory: '/var/log/rtcmanager.ref'

2019-12-09 12:28:28,894 LocalServiceAdmin INFO All the local services are enabled.
2019-12-09 12:28:28,907 manager INFO Component type conf file: Judge3.conf loaded.
2019-12-09 12:28:28,914 ec_base INFO setRate(1000000.000000) done
2019-12-09 12:28:28,914 ec_base INFO setRate(1000.000000) done
2019-12-09 12:28:28,915 rtobject INFO 1 execution context was created.
2019-12-09 12:28:28,927 rtobject INFO Initial active configuration set is default.
2019-12-09 12:28:36,421 SdoServiceAdmin WARNING No available SDO service in the factory: 
2019-12-09 12:28:36,421 SdoServiceAdmin ERROR type  already exists.
2019-12-09 12:28:36,423 SdoServiceAdmin WARNING No available SDO service in the factory: IDL:OpenRTM/ComponentObserver:1.0
2019-12-09 12:28:36,424 SdoServiceAdmin ERROR type 38256283-dd3e-4d91-aa6f-aea6938d0eaf already exists.
2019-12-09 12:30:49,687 rtobject ERROR Traceback (most recent call last):
  File "C:\Python27\lib\site-packages\OpenRTM_aist\RTObject.py", line 1560, in on_execute
    ret = self.onExecute(ec_id)
  File "C:\workspacess\Judge3\Judge3.py", line 193, in onExecute
    self._outport.write()
AttributeError: 'Judge3' object has no attribute '_outport'

2019-12-09 12:31:07,753 ec_worker ERROR State of the RTC is not ACTIVE_STATE.
