2019-12-07 15:49:19,852 manager INFO 1.1.0
2019-12-07 15:49:19,852 manager INFO Copyright (C) 2003-2010
2019-12-07 15:49:19,852 manager INFO   Noriaki Ando
2019-12-07 15:49:19,852 manager INFO   Intelligent Systems Research Institute, AIST
2019-12-07 15:49:19,852 manager INFO Manager starting.
2019-12-07 15:49:19,852 manager INFO Starting local logging.
2019-12-07 15:49:19,852 manager.namingmanager INFO NameServer connection succeeded: corba/localhost
2019-12-07 15:49:22,026 ManagerServant INFO Master manager not found
2019-12-07 15:49:22,026 manager WARNING Traceback (most recent call last):
  File "C:\Python27\lib\site-packages\OpenRTM_aist\Manager.py", line 1900, in initManagerServant
    reffile = file(self._config.getProperty("manager.refstring_path"),'w')
IOError: [Errno 2] No such file or directory: '/var/log/rtcmanager.ref'

2019-12-07 15:49:22,026 LocalServiceAdmin INFO All the local services are enabled.
2019-12-07 15:49:22,088 manager INFO Component type conf file: Judge3.conf loaded.
2019-12-07 15:49:22,104 ec_base INFO setRate(1000000.000000) done
2019-12-07 15:49:22,104 ec_base INFO setRate(1000.000000) done
2019-12-07 15:49:22,104 rtobject INFO 1 execution context was created.
2019-12-07 15:49:22,134 rtobject INFO Initial active configuration set is default.
2019-12-07 15:49:26,072 SdoServiceAdmin WARNING No available SDO service in the factory: 
2019-12-07 15:49:26,072 SdoServiceAdmin ERROR type  already exists.
2019-12-07 15:49:26,072 SdoServiceAdmin WARNING No available SDO service in the factory: IDL:OpenRTM/ComponentObserver:1.0
2019-12-07 15:49:26,072 SdoServiceAdmin ERROR type 06bd2fca-bb23-448d-a5a2-834d792ac796 already exists.
2019-12-07 15:49:51,148 ec_worker ERROR State of the RTC is not INACTIVE_STATE.
2019-12-07 15:49:54,476 ec_worker ERROR State of the RTC is not ERROR_STATE.
