2019-12-07 19:35:21,380 manager INFO 1.1.0
2019-12-07 19:35:21,380 manager INFO Copyright (C) 2003-2010
2019-12-07 19:35:21,380 manager INFO   Noriaki Ando
2019-12-07 19:35:21,381 manager INFO   Intelligent Systems Research Institute, AIST
2019-12-07 19:35:21,381 manager INFO Manager starting.
2019-12-07 19:35:21,381 manager INFO Starting local logging.
2019-12-07 19:35:21,387 manager.namingmanager INFO NameServer connection succeeded: corba/localhost
2019-12-07 19:35:23,398 ManagerServant INFO Master manager not found
2019-12-07 19:35:23,401 manager WARNING Traceback (most recent call last):
  File "C:\Python27\lib\site-packages\OpenRTM_aist\Manager.py", line 1900, in initManagerServant
    reffile = file(self._config.getProperty("manager.refstring_path"),'w')
IOError: [Errno 2] No such file or directory: '/var/log/rtcmanager.ref'

2019-12-07 19:35:23,403 LocalServiceAdmin INFO All the local services are enabled.
2019-12-07 19:35:23,413 manager INFO Component type conf file: Change.conf loaded.
2019-12-07 19:35:23,418 ec_base INFO setRate(1000000.000000) done
2019-12-07 19:35:23,418 ec_base INFO setRate(1000.000000) done
2019-12-07 19:35:23,421 rtobject INFO 1 execution context was created.
2019-12-07 19:35:23,427 rtobject INFO Initial active configuration set is default-set.
2019-12-07 19:35:24,996 SdoServiceAdmin WARNING No available SDO service in the factory: 
2019-12-07 19:35:24,996 SdoServiceAdmin ERROR type  already exists.
2019-12-07 19:35:24,996 SdoServiceAdmin WARNING No available SDO service in the factory: IDL:OpenRTM/ComponentObserver:1.0
2019-12-07 19:35:24,996 SdoServiceAdmin ERROR type 716d4675-f3f6-441f-a750-c08f63c87139 already exists.
2019-12-07 19:35:33,263 rtobject ERROR Traceback (most recent call last):
  File "C:\Python27\lib\site-packages\OpenRTM_aist\RTObject.py", line 1560, in on_execute
    ret = self.onExecute(ec_id)
  File "C:\workspacess\Change\Change.py", line 135, in onExecute
    print(data)
NameError: global name 'data' is not defined

2019-12-07 19:35:36,720 ec_worker ERROR State of the RTC is not ACTIVE_STATE.
