2019-12-07 19:55:52,509 manager INFO 1.1.0
2019-12-07 19:55:52,509 manager INFO Copyright (C) 2003-2010
2019-12-07 19:55:52,509 manager INFO   Noriaki Ando
2019-12-07 19:55:52,509 manager INFO   Intelligent Systems Research Institute, AIST
2019-12-07 19:55:52,509 manager INFO Manager starting.
2019-12-07 19:55:52,509 manager INFO Starting local logging.
2019-12-07 19:55:52,526 manager.namingmanager INFO NameServer connection succeeded: corba/localhost
2019-12-07 19:55:54,588 ManagerServant INFO Master manager not found
2019-12-07 19:55:54,588 manager WARNING Traceback (most recent call last):
  File "C:\Python27\lib\site-packages\OpenRTM_aist\Manager.py", line 1900, in initManagerServant
    reffile = file(self._config.getProperty("manager.refstring_path"),'w')
IOError: [Errno 2] No such file or directory: '/var/log/rtcmanager.ref'

2019-12-07 19:55:54,588 LocalServiceAdmin INFO All the local services are enabled.
2019-12-07 19:55:54,604 manager INFO Component type conf file: Change.conf loaded.
2019-12-07 19:55:54,604 ec_base INFO setRate(1000000.000000) done
2019-12-07 19:55:54,604 ec_base INFO setRate(1000.000000) done
2019-12-07 19:55:54,604 rtobject INFO 1 execution context was created.
2019-12-07 19:55:54,619 rtobject INFO Initial active configuration set is default-set.
2019-12-07 19:55:57,242 SdoServiceAdmin WARNING No available SDO service in the factory: 
2019-12-07 19:55:57,242 SdoServiceAdmin ERROR type  already exists.
2019-12-07 19:55:57,257 SdoServiceAdmin WARNING No available SDO service in the factory: IDL:OpenRTM/ComponentObserver:1.0
2019-12-07 19:55:57,257 SdoServiceAdmin ERROR type bbceca6e-3da6-44b3-aca1-0758ea0e466f already exists.
