2019-12-07 20:07:02,503 manager INFO 1.1.0
2019-12-07 20:07:02,503 manager INFO Copyright (C) 2003-2010
2019-12-07 20:07:02,503 manager INFO   Noriaki Ando
2019-12-07 20:07:02,503 manager INFO   Intelligent Systems Research Institute, AIST
2019-12-07 20:07:02,503 manager INFO Manager starting.
2019-12-07 20:07:02,503 manager INFO Starting local logging.
2019-12-07 20:07:02,510 manager.namingmanager INFO NameServer connection succeeded: corba/localhost
2019-12-07 20:07:04,532 ManagerServant INFO Master manager not found
2019-12-07 20:07:04,532 manager WARNING Traceback (most recent call last):
  File "C:\Python27\lib\site-packages\OpenRTM_aist\Manager.py", line 1900, in initManagerServant
    reffile = file(self._config.getProperty("manager.refstring_path"),'w')
IOError: [Errno 2] No such file or directory: '/var/log/rtcmanager.ref'

2019-12-07 20:07:04,532 LocalServiceAdmin INFO All the local services are enabled.
2019-12-07 20:07:04,548 manager INFO Component type conf file: Change.conf loaded.
2019-12-07 20:07:04,548 ec_base INFO setRate(1000000.000000) done
2019-12-07 20:07:04,548 ec_base INFO setRate(1000.000000) done
2019-12-07 20:07:04,548 rtobject INFO 1 execution context was created.
2019-12-07 20:07:04,563 rtobject INFO Initial active configuration set is default-set.
2019-12-07 20:07:07,328 SdoServiceAdmin WARNING No available SDO service in the factory: 
2019-12-07 20:07:07,328 SdoServiceAdmin ERROR type  already exists.
2019-12-07 20:07:07,345 SdoServiceAdmin WARNING No available SDO service in the factory: IDL:OpenRTM/ComponentObserver:1.0
2019-12-07 20:07:07,345 SdoServiceAdmin ERROR type e479d015-e9e1-4bb4-bcb1-b0c665cb9267 already exists.
2019-12-07 20:07:16,482 rtobject ERROR Traceback (most recent call last):
  File "C:\Python27\lib\site-packages\OpenRTM_aist\RTObject.py", line 1560, in on_execute
    ret = self.onExecute(ec_id)
  File "C:\workspacess\Change\Change.py", line 166, in onExecute
    FSR_lise[i-1] = FSR_dic[i-1]
KeyError: 0

2019-12-07 20:07:20,608 ec_worker ERROR State of the RTC is not ACTIVE_STATE.
