2019-12-09 15:32:07,375 manager INFO 1.1.0
2019-12-09 15:32:07,375 manager INFO Copyright (C) 2003-2010
2019-12-09 15:32:07,377 manager INFO   Noriaki Ando
2019-12-09 15:32:07,377 manager INFO   Intelligent Systems Research Institute, AIST
2019-12-09 15:32:07,377 manager INFO Manager starting.
2019-12-09 15:32:07,377 manager INFO Starting local logging.
2019-12-09 15:32:07,382 manager.namingmanager INFO NameServer connection succeeded: corba/localhost
2019-12-09 15:32:09,405 ManagerServant INFO Master manager not found
2019-12-09 15:32:09,405 manager WARNING Traceback (most recent call last):
  File "C:\Python27\lib\site-packages\OpenRTM_aist\Manager.py", line 1900, in initManagerServant
    reffile = file(self._config.getProperty("manager.refstring_path"),'w')
IOError: [Errno 2] No such file or directory: '/var/log/rtcmanager.ref'

2019-12-09 15:32:09,405 LocalServiceAdmin INFO All the local services are enabled.
2019-12-09 15:32:09,421 manager INFO Component type conf file: Change.conf loaded.
2019-12-09 15:32:09,421 ec_base INFO setRate(1000000.000000) done
2019-12-09 15:32:09,421 ec_base INFO setRate(1000.000000) done
2019-12-09 15:32:09,421 rtobject INFO 1 execution context was created.
2019-12-09 15:32:09,437 rtobject INFO Initial active configuration set is default-set.
2019-12-09 15:32:14,671 SdoServiceAdmin WARNING No available SDO service in the factory: 
2019-12-09 15:32:14,671 SdoServiceAdmin ERROR type  already exists.
2019-12-09 15:32:14,671 SdoServiceAdmin WARNING No available SDO service in the factory: IDL:OpenRTM/ComponentObserver:1.0
2019-12-09 15:32:14,671 SdoServiceAdmin ERROR type c2da34e9-eaf0-42fd-80a3-e29098f4bb51 already exists.
2019-12-09 15:32:26,618 rtobject ERROR Traceback (most recent call last):
  File "C:\Python27\lib\site-packages\OpenRTM_aist\RTObject.py", line 1560, in on_execute
    ret = self.onExecute(ec_id)
  File "C:\workspacess\Change\Change.py", line 131, in onExecute
    FSR_dic.setdefault(("FSR" + str(i)), float(rawdata[i]))
IndexError: list index out of range

2019-12-09 15:32:31,240 ec_worker ERROR State of the RTC is not ACTIVE_STATE.
