2019-12-09 19:12:36,313 manager INFO 1.1.0
2019-12-09 19:12:36,313 manager INFO Copyright (C) 2003-2010
2019-12-09 19:12:36,313 manager INFO   Noriaki Ando
2019-12-09 19:12:36,313 manager INFO   Intelligent Systems Research Institute, AIST
2019-12-09 19:12:36,313 manager INFO Manager starting.
2019-12-09 19:12:36,313 manager INFO Starting local logging.
2019-12-09 19:12:36,329 manager.namingmanager INFO NameServer connection succeeded: corba/localhost
2019-12-09 19:12:38,348 ManagerServant INFO Master manager not found
2019-12-09 19:12:38,348 manager WARNING Traceback (most recent call last):
  File "C:\Python27\lib\site-packages\OpenRTM_aist\Manager.py", line 1900, in initManagerServant
    reffile = file(self._config.getProperty("manager.refstring_path"),'w')
IOError: [Errno 2] No such file or directory: '/var/log/rtcmanager.ref'

2019-12-09 19:12:38,348 LocalServiceAdmin INFO All the local services are enabled.
2019-12-09 19:12:38,348 manager INFO Component type conf file: Change.conf loaded.
2019-12-09 19:12:38,348 ec_base INFO setRate(1000000.000000) done
2019-12-09 19:12:38,348 ec_base INFO setRate(1000.000000) done
2019-12-09 19:12:38,348 rtobject INFO 1 execution context was created.
2019-12-09 19:12:38,348 rtobject INFO Initial active configuration set is default-set.
2019-12-09 19:12:46,569 SdoServiceAdmin WARNING No available SDO service in the factory: 
2019-12-09 19:12:46,569 SdoServiceAdmin ERROR type  already exists.
2019-12-09 19:12:46,571 SdoServiceAdmin WARNING No available SDO service in the factory: IDL:OpenRTM/ComponentObserver:1.0
2019-12-09 19:12:46,571 SdoServiceAdmin ERROR type ba5aa9c1-73f0-43fc-9fde-43f96f30c250 already exists.
