2019-12-09 18:13:44,611 manager INFO 1.1.0
2019-12-09 18:13:44,612 manager INFO Copyright (C) 2003-2010
2019-12-09 18:13:44,612 manager INFO   Noriaki Ando
2019-12-09 18:13:44,612 manager INFO   Intelligent Systems Research Institute, AIST
2019-12-09 18:13:44,612 manager INFO Manager starting.
2019-12-09 18:13:44,612 manager INFO Starting local logging.
2019-12-09 18:13:44,618 manager.namingmanager INFO NameServer connection succeeded: corba/localhost
2019-12-09 18:13:46,680 ManagerServant INFO Master manager not found
2019-12-09 18:13:46,680 manager WARNING Traceback (most recent call last):
  File "C:\Python27\lib\site-packages\OpenRTM_aist\Manager.py", line 1900, in initManagerServant
    reffile = file(self._config.getProperty("manager.refstring_path"),'w')
IOError: [Errno 2] No such file or directory: '/var/log/rtcmanager.ref'

2019-12-09 18:13:46,680 LocalServiceAdmin INFO All the local services are enabled.
2019-12-09 18:13:46,680 manager INFO Component type conf file: Change.conf loaded.
2019-12-09 18:13:46,680 ec_base INFO setRate(1000000.000000) done
2019-12-09 18:13:46,680 ec_base INFO setRate(1000.000000) done
2019-12-09 18:13:46,680 rtobject INFO 1 execution context was created.
2019-12-09 18:13:46,694 rtobject INFO Initial active configuration set is default-set.
2019-12-09 18:13:56,848 SdoServiceAdmin WARNING No available SDO service in the factory: 
2019-12-09 18:13:56,848 SdoServiceAdmin ERROR type  already exists.
2019-12-09 18:13:56,848 SdoServiceAdmin WARNING No available SDO service in the factory: IDL:OpenRTM/ComponentObserver:1.0
2019-12-09 18:13:56,848 SdoServiceAdmin ERROR type fbfd8e76-f3bc-4987-a6ce-0fe97ad8d5ad already exists.
