2019-12-07 19:30:59,325 manager INFO 1.1.0
2019-12-07 19:30:59,325 manager INFO Copyright (C) 2003-2010
2019-12-07 19:30:59,325 manager INFO   Noriaki Ando
2019-12-07 19:30:59,325 manager INFO   Intelligent Systems Research Institute, AIST
2019-12-07 19:30:59,325 manager INFO Manager starting.
2019-12-07 19:30:59,325 manager INFO Starting local logging.
2019-12-07 19:30:59,341 manager.namingmanager INFO NameServer connection succeeded: corba/localhost
2019-12-07 19:31:01,359 ManagerServant INFO Master manager not found
2019-12-07 19:31:01,362 manager WARNING Traceback (most recent call last):
  File "C:\Python27\lib\site-packages\OpenRTM_aist\Manager.py", line 1900, in initManagerServant
    reffile = file(self._config.getProperty("manager.refstring_path"),'w')
IOError: [Errno 2] No such file or directory: '/var/log/rtcmanager.ref'

2019-12-07 19:31:01,364 LocalServiceAdmin INFO All the local services are enabled.
2019-12-07 19:31:01,375 manager INFO Component type conf file: Change.conf loaded.
2019-12-07 19:31:01,381 ec_base INFO setRate(1000000.000000) done
2019-12-07 19:31:01,381 ec_base INFO setRate(1000.000000) done
2019-12-07 19:31:01,381 rtobject INFO 1 execution context was created.
2019-12-07 19:31:01,384 rtobject INFO Initial active configuration set is default-set.
2019-12-07 19:31:06,421 SdoServiceAdmin WARNING No available SDO service in the factory: 
2019-12-07 19:31:06,421 SdoServiceAdmin ERROR type  already exists.
2019-12-07 19:31:06,423 SdoServiceAdmin WARNING No available SDO service in the factory: IDL:OpenRTM/ComponentObserver:1.0
2019-12-07 19:31:06,424 SdoServiceAdmin ERROR type 831bd8b4-4834-46d7-b52f-cdf5ccf70b8e already exists.
2019-12-07 19:31:14,180 rtobject ERROR Traceback (most recent call last):
  File "C:\Python27\lib\site-packages\OpenRTM_aist\RTObject.py", line 1560, in on_execute
    ret = self.onExecute(ec_id)
  File "C:\workspacess\Change\Change.py", line 128, in onExecute
    rawdata = rawdata.rstrip('\n')
AttributeError: 'list' object has no attribute 'rstrip'

2019-12-07 19:31:17,757 ec_worker ERROR State of the RTC is not ACTIVE_STATE.
