2019-12-07 20:05:58,132 manager INFO 1.1.0
2019-12-07 20:05:58,134 manager INFO Copyright (C) 2003-2010
2019-12-07 20:05:58,134 manager INFO   Noriaki Ando
2019-12-07 20:05:58,135 manager INFO   Intelligent Systems Research Institute, AIST
2019-12-07 20:05:58,135 manager INFO Manager starting.
2019-12-07 20:05:58,135 manager INFO Starting local logging.
2019-12-07 20:05:58,142 manager.namingmanager INFO NameServer connection succeeded: corba/localhost
2019-12-07 20:06:00,168 ManagerServant INFO Master manager not found
2019-12-07 20:06:00,168 manager WARNING Traceback (most recent call last):
  File "C:\Python27\lib\site-packages\OpenRTM_aist\Manager.py", line 1900, in initManagerServant
    reffile = file(self._config.getProperty("manager.refstring_path"),'w')
IOError: [Errno 2] No such file or directory: '/var/log/rtcmanager.ref'

2019-12-07 20:06:00,168 LocalServiceAdmin INFO All the local services are enabled.
2019-12-07 20:06:00,184 manager INFO Component type conf file: Change.conf loaded.
2019-12-07 20:06:00,184 ec_base INFO setRate(1000000.000000) done
2019-12-07 20:06:00,184 ec_base INFO setRate(1000.000000) done
2019-12-07 20:06:00,184 rtobject INFO 1 execution context was created.
2019-12-07 20:06:00,200 rtobject INFO Initial active configuration set is default-set.
2019-12-07 20:06:04,154 SdoServiceAdmin WARNING No available SDO service in the factory: 
2019-12-07 20:06:04,154 SdoServiceAdmin ERROR type  already exists.
2019-12-07 20:06:04,154 SdoServiceAdmin WARNING No available SDO service in the factory: IDL:OpenRTM/ComponentObserver:1.0
2019-12-07 20:06:04,154 SdoServiceAdmin ERROR type 2d267f8a-c8d9-4a80-babe-6b4525547b80 already exists.
2019-12-07 20:06:10,667 rtobject ERROR Traceback (most recent call last):
  File "C:\Python27\lib\site-packages\OpenRTM_aist\RTObject.py", line 1560, in on_execute
    ret = self.onExecute(ec_id)
  File "C:\workspacess\Change\Change.py", line 166, in onExecute
    FSR_lise[i] = FSR_dic[i-1]
KeyError: 0

2019-12-07 20:06:13,815 ec_worker ERROR State of the RTC is not ACTIVE_STATE.
