2019-12-07 19:14:51,779 manager INFO 1.1.0
2019-12-07 19:14:51,779 manager INFO Copyright (C) 2003-2010
2019-12-07 19:14:51,779 manager INFO   Noriaki Ando
2019-12-07 19:14:51,779 manager INFO   Intelligent Systems Research Institute, AIST
2019-12-07 19:14:51,779 manager INFO Manager starting.
2019-12-07 19:14:51,779 manager INFO Starting local logging.
2019-12-07 19:14:51,779 manager.namingmanager INFO NameServer connection succeeded: corba/localhost
2019-12-07 19:14:53,799 ManagerServant INFO Master manager not found
2019-12-07 19:14:53,799 manager WARNING Traceback (most recent call last):
  File "C:\Python27\lib\site-packages\OpenRTM_aist\Manager.py", line 1900, in initManagerServant
    reffile = file(self._config.getProperty("manager.refstring_path"),'w')
IOError: [Errno 2] No such file or directory: '/var/log/rtcmanager.ref'

2019-12-07 19:14:53,846 LocalServiceAdmin INFO All the local services are enabled.
2019-12-07 19:14:53,846 manager INFO Component type conf file: Change.conf loaded.
2019-12-07 19:14:53,861 ec_base INFO setRate(1000000.000000) done
2019-12-07 19:14:53,861 ec_base INFO setRate(1000.000000) done
2019-12-07 19:14:53,861 rtobject INFO 1 execution context was created.
2019-12-07 19:14:53,878 rtobject INFO Initial active configuration set is default-set.
2019-12-07 19:14:56,759 SdoServiceAdmin WARNING No available SDO service in the factory: 
2019-12-07 19:14:56,759 SdoServiceAdmin ERROR type  already exists.
2019-12-07 19:14:56,759 SdoServiceAdmin WARNING No available SDO service in the factory: IDL:OpenRTM/ComponentObserver:1.0
2019-12-07 19:14:56,759 SdoServiceAdmin ERROR type 45541a55-6740-435a-b5db-043a8b991add already exists.
2019-12-07 19:15:04,515 rtobject ERROR Traceback (most recent call last):
  File "C:\Python27\lib\site-packages\OpenRTM_aist\RTObject.py", line 1560, in on_execute
    ret = self.onExecute(ec_id)
  File "C:\workspacess\Change\Change.py", line 132, in onExecute
    FSR_dic.setdefault(("FSR" + str(i)), float(data[i-1]))
ValueError: invalid literal for float(): 1,0,0,0,0,0,0,0,0,0,0,0,0,0,0,0


2019-12-07 19:15:09,316 ec_worker ERROR State of the RTC is not ACTIVE_STATE.
