2019-12-07 20:14:39,538 manager INFO 1.1.0
2019-12-07 20:14:39,538 manager INFO Copyright (C) 2003-2010
2019-12-07 20:14:39,538 manager INFO   Noriaki Ando
2019-12-07 20:14:39,538 manager INFO   Intelligent Systems Research Institute, AIST
2019-12-07 20:14:39,538 manager INFO Manager starting.
2019-12-07 20:14:39,538 manager INFO Starting local logging.
2019-12-07 20:14:39,552 manager.namingmanager INFO NameServer connection succeeded: corba/localhost
2019-12-07 20:14:41,631 ManagerServant INFO Master manager not found
2019-12-07 20:14:41,631 manager WARNING Traceback (most recent call last):
  File "C:\Python27\lib\site-packages\OpenRTM_aist\Manager.py", line 1900, in initManagerServant
    reffile = file(self._config.getProperty("manager.refstring_path"),'w')
IOError: [Errno 2] No such file or directory: '/var/log/rtcmanager.ref'

2019-12-07 20:14:41,631 LocalServiceAdmin INFO All the local services are enabled.
2019-12-07 20:14:41,647 manager INFO Component type conf file: Change.conf loaded.
2019-12-07 20:14:41,647 ec_base INFO setRate(1000000.000000) done
2019-12-07 20:14:41,647 ec_base INFO setRate(1000.000000) done
2019-12-07 20:14:41,647 rtobject INFO 1 execution context was created.
2019-12-07 20:14:41,663 rtobject INFO Initial active configuration set is default-set.
2019-12-07 20:14:47,447 SdoServiceAdmin WARNING No available SDO service in the factory: 
2019-12-07 20:14:47,447 SdoServiceAdmin ERROR type  already exists.
2019-12-07 20:14:47,447 SdoServiceAdmin WARNING No available SDO service in the factory: IDL:OpenRTM/ComponentObserver:1.0
2019-12-07 20:14:47,447 SdoServiceAdmin ERROR type 7eed6d36-f1bf-447b-88d5-8f03a2daa04f already exists.
