2019-12-07 19:36:32,841 manager INFO 1.1.0
2019-12-07 19:36:32,841 manager INFO Copyright (C) 2003-2010
2019-12-07 19:36:32,841 manager INFO   Noriaki Ando
2019-12-07 19:36:32,841 manager INFO   Intelligent Systems Research Institute, AIST
2019-12-07 19:36:32,841 manager INFO Manager starting.
2019-12-07 19:36:32,842 manager INFO Starting local logging.
2019-12-07 19:36:32,848 manager.namingmanager INFO NameServer connection succeeded: corba/localhost
2019-12-07 19:36:34,855 ManagerServant INFO Master manager not found
2019-12-07 19:36:34,858 manager WARNING Traceback (most recent call last):
  File "C:\Python27\lib\site-packages\OpenRTM_aist\Manager.py", line 1900, in initManagerServant
    reffile = file(self._config.getProperty("manager.refstring_path"),'w')
IOError: [Errno 2] No such file or directory: '/var/log/rtcmanager.ref'

2019-12-07 19:36:34,859 LocalServiceAdmin INFO All the local services are enabled.
2019-12-07 19:36:34,872 manager INFO Component type conf file: Change.conf loaded.
2019-12-07 19:36:34,878 ec_base INFO setRate(1000000.000000) done
2019-12-07 19:36:34,878 ec_base INFO setRate(1000.000000) done
2019-12-07 19:36:34,881 rtobject INFO 1 execution context was created.
2019-12-07 19:36:34,887 rtobject INFO Initial active configuration set is default-set.
2019-12-07 19:36:36,411 SdoServiceAdmin WARNING No available SDO service in the factory: 
2019-12-07 19:36:36,411 SdoServiceAdmin ERROR type  already exists.
2019-12-07 19:36:36,413 SdoServiceAdmin WARNING No available SDO service in the factory: IDL:OpenRTM/ComponentObserver:1.0
2019-12-07 19:36:36,413 SdoServiceAdmin ERROR type caf7a30e-14d9-438d-9ddf-a156861a888c already exists.
