2019-12-07 19:02:14,688 manager INFO 1.1.0
2019-12-07 19:02:14,688 manager INFO Copyright (C) 2003-2010
2019-12-07 19:02:14,688 manager INFO   Noriaki Ando
2019-12-07 19:02:14,688 manager INFO   Intelligent Systems Research Institute, AIST
2019-12-07 19:02:14,688 manager INFO Manager starting.
2019-12-07 19:02:14,688 manager INFO Starting local logging.
2019-12-07 19:02:14,704 manager.namingmanager INFO NameServer connection succeeded: corba/localhost
2019-12-07 19:02:16,750 ManagerServant INFO Master manager not found
2019-12-07 19:02:16,750 manager WARNING Traceback (most recent call last):
  File "C:\Python27\lib\site-packages\OpenRTM_aist\Manager.py", line 1900, in initManagerServant
    reffile = file(self._config.getProperty("manager.refstring_path"),'w')
IOError: [Errno 2] No such file or directory: '/var/log/rtcmanager.ref'

2019-12-07 19:02:16,750 LocalServiceAdmin INFO All the local services are enabled.
2019-12-07 19:02:16,766 manager INFO Component type conf file: Change.conf loaded.
2019-12-07 19:02:16,766 ec_base INFO setRate(1000000.000000) done
2019-12-07 19:02:16,766 ec_base INFO setRate(1000.000000) done
2019-12-07 19:02:16,766 rtobject INFO 1 execution context was created.
2019-12-07 19:02:16,766 rtobject INFO Initial active configuration set is default-set.
2019-12-07 19:02:23,930 SdoServiceAdmin WARNING No available SDO service in the factory: 
2019-12-07 19:02:23,930 SdoServiceAdmin ERROR type  already exists.
2019-12-07 19:02:23,930 SdoServiceAdmin WARNING No available SDO service in the factory: IDL:OpenRTM/ComponentObserver:1.0
2019-12-07 19:02:23,930 SdoServiceAdmin ERROR type 797f8009-07df-4dcb-8a28-4016ce1ab55f already exists.
