2019-09-12 11:42:07,079 manager INFO 1.1.0
2019-09-12 11:42:07,081 manager INFO Copyright (C) 2003-2010
2019-09-12 11:42:07,081 manager INFO   Noriaki Ando
2019-09-12 11:42:07,081 manager INFO   Intelligent Systems Research Institute, AIST
2019-09-12 11:42:07,082 manager INFO Manager starting.
2019-09-12 11:42:07,082 manager INFO Starting local logging.
2019-09-12 11:42:07,275 manager.namingmanager INFO NameServer connection succeeded: corba/localhost
2019-09-12 11:42:09,381 ManagerServant INFO Master manager not found
2019-09-12 11:42:09,381 manager WARNING Traceback (most recent call last):
  File "C:\Python27\lib\site-packages\OpenRTM_aist\Manager.py", line 1900, in initManagerServant
    reffile = file(self._config.getProperty("manager.refstring_path"),'w')
IOError: [Errno 2] No such file or directory: '/var/log/rtcmanager.ref'

2019-09-12 11:42:09,381 LocalServiceAdmin INFO All the local services are enabled.
2019-09-12 11:42:09,398 manager INFO Component type conf file: stand.conf loaded.
2019-09-12 11:42:09,398 ec_base INFO setRate(1000000.000000) done
2019-09-12 11:42:09,398 ec_base INFO setRate(10.000000) done
2019-09-12 11:42:09,398 rtobject INFO 1 execution context was created.
2019-09-12 11:42:09,414 rtobject INFO Initial active configuration set is default-set.
2019-09-12 11:42:18,428 SdoServiceAdmin WARNING No available SDO service in the factory: 
2019-09-12 11:42:18,428 SdoServiceAdmin ERROR type  already exists.
2019-09-12 11:42:19,148 SdoServiceAdmin WARNING No available SDO service in the factory: IDL:OpenRTM/ComponentObserver:1.0
2019-09-12 11:42:19,148 SdoServiceAdmin ERROR type a636223a-6b60-4e85-b24a-45ccdf9960da already exists.
